C:\USERS\BALISTA ELEKTRONIK\DROPBOX\AKADEMIK\2015-SPRING\GATE713\PROJECT\K_MEANS_CPU\RELEASE\K_MEANS_CPU.EXE
C:\USERS\BALISTA ELEKTRONIK\DROPBOX\AKADEMIK\2015-SPRING\GATE713\PROJECT\K_MEANS_CPU\RELEASE\K_MEANS_CPU.EXE.INTERMEDIATE.MANIFEST
C:\USERS\BALISTA ELEKTRONIK\DROPBOX\AKADEMIK\2015-SPRING\GATE713\PROJECT\K_MEANS_CPU\RELEASE\K_MEANS_CPU.OBJ
C:\USERS\BALISTA ELEKTRONIK\DROPBOX\AKADEMIK\2015-SPRING\GATE713\PROJECT\K_MEANS_CPU\RELEASE\K_MEANS_CPU.PCH
C:\USERS\BALISTA ELEKTRONIK\DROPBOX\AKADEMIK\2015-SPRING\GATE713\PROJECT\K_MEANS_CPU\RELEASE\K_MEANS_CPU.PDB
C:\USERS\BALISTA ELEKTRONIK\DROPBOX\AKADEMIK\2015-SPRING\GATE713\PROJECT\K_MEANS_CPU\RELEASE\STDAFX.OBJ
C:\USERS\BALISTA ELEKTRONIK\DROPBOX\AKADEMIK\2015-SPRING\GATE713\PROJECT\K_MEANS_CPU\RELEASE\VC100.PDB
C:\Users\Balista Elektronik\Dropbox\Akademik\2015-Spring\GATE713\project\k_means_cpu\Release\cl.command.1.tlog
C:\Users\Balista Elektronik\Dropbox\Akademik\2015-Spring\GATE713\project\k_means_cpu\Release\CL.read.1.tlog
C:\Users\Balista Elektronik\Dropbox\Akademik\2015-Spring\GATE713\project\k_means_cpu\Release\CL.write.1.tlog
C:\Users\Balista Elektronik\Dropbox\Akademik\2015-Spring\GATE713\project\k_means_cpu\Release\k_means_cpu.exe
C:\Users\Balista Elektronik\Dropbox\Akademik\2015-Spring\GATE713\project\k_means_cpu\Release\k_means_cpu.exe.intermediate.manifest
C:\Users\Balista Elektronik\Dropbox\Akademik\2015-Spring\GATE713\project\k_means_cpu\Release\k_means_cpu.obj
C:\Users\Balista Elektronik\Dropbox\Akademik\2015-Spring\GATE713\project\k_means_cpu\Release\k_means_cpu.pch
C:\Users\Balista Elektronik\Dropbox\Akademik\2015-Spring\GATE713\project\k_means_cpu\Release\k_means_cpu.pdb
C:\Users\Balista Elektronik\Dropbox\Akademik\2015-Spring\GATE713\project\k_means_cpu\Release\k_means_cpu.write.1.tlog
C:\Users\Balista Elektronik\Dropbox\Akademik\2015-Spring\GATE713\project\k_means_cpu\Release\link.command.1.tlog
C:\Users\Balista Elektronik\Dropbox\Akademik\2015-Spring\GATE713\project\k_means_cpu\Release\link.read.1.tlog
C:\Users\Balista Elektronik\Dropbox\Akademik\2015-Spring\GATE713\project\k_means_cpu\Release\link.write.1.tlog
C:\Users\Balista Elektronik\Dropbox\Akademik\2015-Spring\GATE713\project\k_means_cpu\Release\mt.command.1.tlog
C:\Users\Balista Elektronik\Dropbox\Akademik\2015-Spring\GATE713\project\k_means_cpu\Release\mt.read.1.tlog
C:\Users\Balista Elektronik\Dropbox\Akademik\2015-Spring\GATE713\project\k_means_cpu\Release\mt.write.1.tlog
C:\Users\Balista Elektronik\Dropbox\Akademik\2015-Spring\GATE713\project\k_means_cpu\Release\stdafx.obj
C:\Users\Balista Elektronik\Dropbox\Akademik\2015-Spring\GATE713\project\k_means_cpu\Release\vc100.pdb
