Build started 31.05.2015 00:50:23.
     1>Project "C:\Users\Balista Elektronik\Dropbox\Akademik\2015-Spring\GATE713\project\k_means_cpu\k_means_cpu.vcxproj" on node 2 (build target(s)).
     1>InitializeBuildStatus:
         Creating "Release\k_means_cpu.unsuccessfulbuild" because "AlwaysCreate" was specified.
       ClCompile:
         All outputs are up-to-date.
         C:\Program Files (x86)\Microsoft Visual Studio 10.0\VC\bin\CL.exe /c /IC:\opencv\build\include /Zi /nologo /W3 /WX- /O2 /Oi /Oy- /GL /D "WIN32" /D NDEBUG /D _CONSOLE /D "_UNICODE" /D "UNICODE" /Gm- /EHsc /MD /GS /Gy /fp:precise /Zc:wchar_t /Zc:forScope /Yu"StdAfx.h" /Fp"Release\k_means_cpu.pch" /Fo"Release\\" /Fd"Release\vc100.pdb" /Gd /TP /analyze- /errorReport:prompt k_means_cpu.cpp
         k_means_cpu.cpp
     1>c:\opencv\build\include\opencv2\flann\logger.h(66): warning C4996: 'fopen': This function or variable may be unsafe. Consider using fopen_s instead. To disable deprecation, use _CRT_SECURE_NO_WARNINGS. See online help for details.
                 C:\Program Files (x86)\Microsoft Visual Studio 10.0\VC\include\stdio.h(234) : see declaration of 'fopen'
     1>k_means_cpu.cpp(71): warning C4244: '=' : conversion from 'int' to 'float', possible loss of data
     1>k_means_cpu.cpp(72): warning C4244: '=' : conversion from 'int' to 'float', possible loss of data
     1>k_means_cpu.cpp(73): warning C4244: '=' : conversion from 'int' to 'float', possible loss of data
     1>k_means_cpu.cpp(77): warning C4244: '=' : conversion from 'double' to 'unsigned char', possible loss of data
     1>k_means_cpu.cpp(78): warning C4244: '=' : conversion from 'double' to 'unsigned char', possible loss of data
     1>k_means_cpu.cpp(79): warning C4244: '=' : conversion from 'double' to 'unsigned char', possible loss of data
     1>k_means_cpu.cpp(132): warning C4244: '=' : conversion from 'int' to 'float', possible loss of data
     1>k_means_cpu.cpp(133): warning C4244: '=' : conversion from 'int' to 'float', possible loss of data
     1>k_means_cpu.cpp(134): warning C4244: '=' : conversion from 'int' to 'float', possible loss of data
     1>k_means_cpu.cpp(156): warning C4244: '=' : conversion from 'float' to 'unsigned char', possible loss of data
     1>k_means_cpu.cpp(157): warning C4244: '=' : conversion from 'float' to 'unsigned char', possible loss of data
     1>k_means_cpu.cpp(158): warning C4244: '=' : conversion from 'float' to 'unsigned char', possible loss of data
       Link:
         C:\Program Files (x86)\Microsoft Visual Studio 10.0\VC\bin\link.exe /ERRORREPORT:PROMPT /OUT:"C:\Users\Balista Elektronik\Dropbox\Akademik\2015-Spring\GATE713\project\k_means_cpu\Release\k_means_cpu.exe" /INCREMENTAL:NO /NOLOGO /LIBPATH:C:\opencv\build\x86\vc10\lib opencv_core2410.lib opencv_imgproc2410.lib opencv_highgui2410.lib opencv_ml2410.lib opencv_video2410.lib opencv_features2d2410.lib opencv_calib3d2410.lib opencv_objdetect2410.lib opencv_contrib2410.lib opencv_legacy2410.lib opencv_flann2410.lib kernel32.lib user32.lib gdi32.lib winspool.lib comdlg32.lib advapi32.lib shell32.lib ole32.lib oleaut32.lib uuid.lib odbc32.lib odbccp32.lib /MANIFEST /ManifestFile:"Release\k_means_cpu.exe.intermediate.manifest" /MANIFESTUAC:"level='asInvoker' uiAccess='false'" /DEBUG /PDB:"C:\Users\Balista Elektronik\Dropbox\Akademik\2015-Spring\GATE713\project\k_means_cpu\Release\k_means_cpu.pdb" /SUBSYSTEM:CONSOLE /OPT:REF /OPT:ICF /LTCG /TLBID:1 /DYNAMICBASE /NXCOMPAT /IMPLIB:"C:\Users\Balista Elektronik\Dropbox\Akademik\2015-Spring\GATE713\project\k_means_cpu\Release\k_means_cpu.lib" /MACHINE:X86 Release\k_means_cpu.obj
         Release\stdafx.obj
         Generating code
         Finished generating code
         k_means_cpu.vcxproj -> C:\Users\Balista Elektronik\Dropbox\Akademik\2015-Spring\GATE713\project\k_means_cpu\Release\k_means_cpu.exe
       Manifest:
         C:\Program Files (x86)\Microsoft SDKs\Windows\v7.0A\bin\mt.exe /nologo /verbose /outputresource:"C:\Users\Balista Elektronik\Dropbox\Akademik\2015-Spring\GATE713\project\k_means_cpu\Release\k_means_cpu.exe;#1" /manifest Release\k_means_cpu.exe.intermediate.manifest
       FinalizeBuildStatus:
         Deleting file "Release\k_means_cpu.unsuccessfulbuild".
         Touching "Release\k_means_cpu.lastbuildstate".
     1>Done Building Project "C:\Users\Balista Elektronik\Dropbox\Akademik\2015-Spring\GATE713\project\k_means_cpu\k_means_cpu.vcxproj" (build target(s)).

Build succeeded.

Time Elapsed 00:00:01.44
