Build started 23.05.2015 21:18:20.
     1>Project "C:\Users\Balista Elektronik\Dropbox\Akademik\2015-Spring\GATE713\project\k_means_gpu\k_means_gpu\k_means_gpu.vcxproj" on node 2 (build target(s)).
     1>InitializeBuildStatus:
         Creating "Debug\k_means_gpu.unsuccessfulbuild" because "AlwaysCreate" was specified.
       AddCudaCompileDeps:
         C:\Program Files (x86)\Microsoft Visual Studio 10.0\VC\bin\cl.exe /E /nologo /showIncludes /TP /D__CUDACC__ /DWIN32 /D_DEBUG /D_CONSOLE /D_MBCS /IC:\opencv\build\include /I"C:\Program Files\NVIDIA GPU Computing Toolkit\CUDA\v5.5\include" /I"C:\Program Files\NVIDIA GPU Computing Toolkit\CUDA\v5.5\bin" /I"C:\Program Files\NVIDIA GPU Computing Toolkit\CUDA\v5.5\include" /I. /FIcuda_runtime.h /c "C:\Users\Balista Elektronik\Dropbox\Akademik\2015-Spring\GATE713\project\k_means_gpu\k_means_gpu\kernel.cu" 
       AddCudaCompilePropsDeps:
       Skipping target "AddCudaCompilePropsDeps" because all output files are up-to-date with respect to the input files.
       CudaBuild:
         Compiling CUDA source file kernel.cu...
         cmd.exe /C "C:\Users\Balista Elektronik\AppData\Local\Temp\tmpbc1ba79d34934444a726b8ba41adc432.cmd"
         "C:\Program Files\NVIDIA GPU Computing Toolkit\CUDA\v5.5\bin\nvcc.exe" -gencode=arch=compute_30,code=\"sm_30,compute_30\" -gencode=arch=compute_10,code=\"sm_10,compute_10\" --use-local-env --cl-version 2010 -ccbin "C:\Program Files (x86)\Microsoft Visual Studio 10.0\VC\bin"  -IC:\opencv\build\include -I"C:\Program Files\NVIDIA GPU Computing Toolkit\CUDA\v5.5\include" -I"C:\Program Files\NVIDIA GPU Computing Toolkit\CUDA\v5.5\include"  -G   --keep-dir Debug -maxrregcount=0  --machine 32 --compile -cudart static  -g   -D"WIN32" -D_DEBUG -D_CONSOLE -D_MBCS -Xcompiler "/EHsc /W3 /nologo /Od /Zi /RTC1 /MDd  " -o Debug\kernel.cu.obj "C:\Users\Balista Elektronik\Dropbox\Akademik\2015-Spring\GATE713\project\k_means_gpu\k_means_gpu\kernel.cu"
         
         C:\Users\Balista Elektronik\Dropbox\Akademik\2015-Spring\GATE713\project\k_means_gpu\k_means_gpu>"C:\Program Files\NVIDIA GPU Computing Toolkit\CUDA\v5.5\bin\nvcc.exe" -gencode=arch=compute_30,code=\"sm_30,compute_30\" -gencode=arch=compute_10,code=\"sm_10,compute_10\" --use-local-env --cl-version 2010 -ccbin "C:\Program Files (x86)\Microsoft Visual Studio 10.0\VC\bin"  -IC:\opencv\build\include -I"C:\Program Files\NVIDIA GPU Computing Toolkit\CUDA\v5.5\include" -I"C:\Program Files\NVIDIA GPU Computing Toolkit\CUDA\v5.5\include"  -G   --keep-dir Debug -maxrregcount=0  --machine 32 --compile -cudart static  -g   -D"WIN32" -D_DEBUG -D_CONSOLE -D_MBCS -Xcompiler "/EHsc /W3 /nologo /Od /Zi /RTC1 /MDd  " -o Debug\kernel.cu.obj "C:\Users\Balista Elektronik\Dropbox\Akademik\2015-Spring\GATE713\project\k_means_gpu\k_means_gpu\kernel.cu" 
     1>C:\opencv\build\include\opencv2/core/types_c.h(320): warning : variable "t" is used before its value is set
         
     1>C:/Users/Balista Elektronik/Dropbox/Akademik/2015-Spring/GATE713/project/k_means_gpu/k_means_gpu/kernel.cu(163): warning : variable "d_temp_cluster_intensity" was declared but never referenced
         
     1>C:/Users/Balista Elektronik/Dropbox/Akademik/2015-Spring/GATE713/project/k_means_gpu/k_means_gpu/kernel.cu(164): warning : variable "d_num_of_cluster_members" was declared but never referenced
         
     1>C:\opencv\build\include\opencv2/core/types_c.h(320): warning : variable "t" is used before its value is set
         
     1>C:/Users/Balista Elektronik/Dropbox/Akademik/2015-Spring/GATE713/project/k_means_gpu/k_means_gpu/kernel.cu(163): warning : variable "d_temp_cluster_intensity" was declared but never referenced
         
     1>C:/Users/Balista Elektronik/Dropbox/Akademik/2015-Spring/GATE713/project/k_means_gpu/k_means_gpu/kernel.cu(164): warning : variable "d_num_of_cluster_members" was declared but never referenced
         
     1>C:\opencv\build\include\opencv2/core/types_c.h(320): warning : variable "t" is used before its value is set
         
     1>c:\opencv\build\include\opencv2\flann\lsh_table.h(215): warning : statement is unreachable
         
     1>c:\opencv\build\include\opencv2\flann\lsh_table.h(220): warning : statement is unreachable
         
     1>c:\opencv\build\include\opencv2\flann\lsh_table.h(229): warning : statement is unreachable
         
     1>c:\opencv\build\include\opencv2\flann\index_testing.h(248): warning : variable "p1" was set but never used
         
     1>C:\opencv\build\include\opencv2/flann/flann.hpp(257): warning : missing return statement at end of non-void function "cv::flann::Index_<T>::veclen"
         
     1>C:\opencv\build\include\opencv2/flann/flann.hpp(263): warning : missing return statement at end of non-void function "cv::flann::Index_<T>::size"
         
     1>C:\opencv\build\include\opencv2/flann/flann.hpp(270): warning : missing return statement at end of non-void function "cv::flann::Index_<T>::getParameters"
         
     1>C:\opencv\build\include\opencv2/flann/flann.hpp(276): warning : missing return statement at end of non-void function "cv::flann::Index_<T>::getIndexParameters"
         
     1>C:\opencv\build\include\opencv2/flann/flann.hpp(362): warning : missing return statement at end of non-void function "cv::flann::Index_<T>::radiusSearch(const std::vector<cvflann::L2<T>::ElementType, std::allocator<cvflann::L2<T>::ElementType>> &, std::vector<int, std::allocator<int>> &, std::vector<cvflann::L2<T>::ResultType, std::allocator<cvflann::L2<T>::ResultType>> &, cv::flann::Index_<T>::DistanceType, const cvflann::SearchParams &)"
         
     1>C:\opencv\build\include\opencv2/flann/flann.hpp(381): warning : missing return statement at end of non-void function "cv::flann::Index_<T>::radiusSearch(const cv::Mat &, cv::Mat &, cv::Mat &, cv::flann::Index_<T>::DistanceType, const cvflann::SearchParams &)"
         
     1>C:\opencv\build\include\opencv2/flann/flann.hpp(421): warning : missing return statement at end of non-void function "cv::flann::hierarchicalClustering<ELEM_TYPE,DIST_TYPE>(const cv::Mat &, cv::Mat &, const cvflann::KMeansIndexParams &)"
         
     1>C:\opencv\build\include\opencv2/core/affine.hpp(280): warning : controlling expression is constant
         
     1>C:/Users/Balista Elektronik/Dropbox/Akademik/2015-Spring/GATE713/project/k_means_gpu/k_means_gpu/kernel.cu(163): warning : variable "d_temp_cluster_intensity" was declared but never referenced
         
     1>C:/Users/Balista Elektronik/Dropbox/Akademik/2015-Spring/GATE713/project/k_means_gpu/k_means_gpu/kernel.cu(164): warning : variable "d_num_of_cluster_members" was declared but never referenced
         
     1>C:\opencv\build\include\opencv2/core/types_c.h(320): warning : variable "t" is used before its value is set
         
     1>c:\opencv\build\include\opencv2\flann\lsh_table.h(215): warning : statement is unreachable
         
     1>c:\opencv\build\include\opencv2\flann\lsh_table.h(220): warning : statement is unreachable
         
     1>c:\opencv\build\include\opencv2\flann\lsh_table.h(229): warning : statement is unreachable
         
     1>c:\opencv\build\include\opencv2\flann\index_testing.h(248): warning : variable "p1" was set but never used
         
     1>C:\opencv\build\include\opencv2/flann/flann.hpp(257): warning : missing return statement at end of non-void function "cv::flann::Index_<T>::veclen"
         
     1>C:\opencv\build\include\opencv2/flann/flann.hpp(263): warning : missing return statement at end of non-void function "cv::flann::Index_<T>::size"
         
     1>C:\opencv\build\include\opencv2/flann/flann.hpp(270): warning : missing return statement at end of non-void function "cv::flann::Index_<T>::getParameters"
         
     1>C:\opencv\build\include\opencv2/flann/flann.hpp(276): warning : missing return statement at end of non-void function "cv::flann::Index_<T>::getIndexParameters"
         
     1>C:\opencv\build\include\opencv2/flann/flann.hpp(362): warning : missing return statement at end of non-void function "cv::flann::Index_<T>::radiusSearch(const std::vector<cvflann::L2<T>::ElementType, std::allocator<cvflann::L2<T>::ElementType>> &, std::vector<int, std::allocator<int>> &, std::vector<cvflann::L2<T>::ResultType, std::allocator<cvflann::L2<T>::ResultType>> &, cv::flann::Index_<T>::DistanceType, const cvflann::SearchParams &)"
         
     1>C:\opencv\build\include\opencv2/flann/flann.hpp(381): warning : missing return statement at end of non-void function "cv::flann::Index_<T>::radiusSearch(const cv::Mat &, cv::Mat &, cv::Mat &, cv::flann::Index_<T>::DistanceType, const cvflann::SearchParams &)"
         
     1>C:\opencv\build\include\opencv2/flann/flann.hpp(421): warning : missing return statement at end of non-void function "cv::flann::hierarchicalClustering<ELEM_TYPE,DIST_TYPE>(const cv::Mat &, cv::Mat &, const cvflann::KMeansIndexParams &)"
         
     1>C:\opencv\build\include\opencv2/core/affine.hpp(280): warning : controlling expression is constant
         
     1>C:/Users/Balista Elektronik/Dropbox/Akademik/2015-Spring/GATE713/project/k_means_gpu/k_means_gpu/kernel.cu(163): warning : variable "d_temp_cluster_intensity" was declared but never referenced
         
     1>C:/Users/Balista Elektronik/Dropbox/Akademik/2015-Spring/GATE713/project/k_means_gpu/k_means_gpu/kernel.cu(164): warning : variable "d_num_of_cluster_members" was declared but never referenced
         
     1>C:/Users/Balista Elektronik/Dropbox/Akademik/2015-Spring/GATE713/project/k_means_gpu/k_means_gpu/kernel.cu(118): warning C4244: '=' : conversion from 'int' to 'float', possible loss of data
     1>C:/Users/Balista Elektronik/Dropbox/Akademik/2015-Spring/GATE713/project/k_means_gpu/k_means_gpu/kernel.cu(119): warning C4244: '=' : conversion from 'int' to 'float', possible loss of data
     1>C:/Users/Balista Elektronik/Dropbox/Akademik/2015-Spring/GATE713/project/k_means_gpu/k_means_gpu/kernel.cu(120): warning C4244: '=' : conversion from 'int' to 'float', possible loss of data
     1>C:/Users/Balista Elektronik/Dropbox/Akademik/2015-Spring/GATE713/project/k_means_gpu/k_means_gpu/kernel.cu(124): warning C4244: '=' : conversion from 'double' to 'unsigned char', possible loss of data
     1>C:/Users/Balista Elektronik/Dropbox/Akademik/2015-Spring/GATE713/project/k_means_gpu/k_means_gpu/kernel.cu(125): warning C4244: '=' : conversion from 'double' to 'unsigned char', possible loss of data
     1>C:/Users/Balista Elektronik/Dropbox/Akademik/2015-Spring/GATE713/project/k_means_gpu/k_means_gpu/kernel.cu(126): warning C4244: '=' : conversion from 'double' to 'unsigned char', possible loss of data
     1>C:/Users/Balista Elektronik/Dropbox/Akademik/2015-Spring/GATE713/project/k_means_gpu/k_means_gpu/kernel.cu(223): warning C4244: '=' : conversion from 'float' to 'unsigned char', possible loss of data
     1>C:/Users/Balista Elektronik/Dropbox/Akademik/2015-Spring/GATE713/project/k_means_gpu/k_means_gpu/kernel.cu(224): warning C4244: '=' : conversion from 'float' to 'unsigned char', possible loss of data
     1>C:/Users/Balista Elektronik/Dropbox/Akademik/2015-Spring/GATE713/project/k_means_gpu/k_means_gpu/kernel.cu(225): warning C4244: '=' : conversion from 'float' to 'unsigned char', possible loss of data
     1>C:/Users/Balista Elektronik/Dropbox/Akademik/2015-Spring/GATE713/project/k_means_gpu/k_means_gpu/kernel.cu(163): warning C4101: 'd_temp_cluster_intensity' : unreferenced local variable
     1>C:/Users/Balista Elektronik/Dropbox/Akademik/2015-Spring/GATE713/project/k_means_gpu/k_means_gpu/kernel.cu(164): warning C4101: 'd_num_of_cluster_members' : unreferenced local variable
       ManifestResourceCompile:
         All outputs are up-to-date.
       Link:
         C:\Program Files (x86)\Microsoft Visual Studio 10.0\VC\bin\link.exe /ERRORREPORT:PROMPT /OUT:"C:\Users\Balista Elektronik\Dropbox\Akademik\2015-Spring\GATE713\project\k_means_gpu\Debug\k_means_gpu.exe" /INCREMENTAL /NOLOGO /LIBPATH:C:\opencv\build\x86\vc10\lib /LIBPATH:"C:\Program Files\NVIDIA GPU Computing Toolkit\CUDA\v5.5\lib\Win32" cudart.lib kernel32.lib user32.lib gdi32.lib winspool.lib comdlg32.lib advapi32.lib shell32.lib ole32.lib oleaut32.lib uuid.lib odbc32.lib odbccp32.lib opencv_core2410d.lib opencv_imgproc2410d.lib opencv_highgui2410d.lib opencv_ml2410d.lib opencv_video2410d.lib opencv_features2d2410d.lib opencv_calib3d2410d.lib opencv_objdetect2410d.lib opencv_contrib2410d.lib opencv_legacy2410d.lib opencv_flann2410d.lib kernel32.lib user32.lib gdi32.lib winspool.lib comdlg32.lib advapi32.lib shell32.lib ole32.lib oleaut32.lib uuid.lib odbc32.lib odbccp32.lib /MANIFEST /ManifestFile:"Debug\k_means_gpu.exe.intermediate.manifest" /MANIFESTUAC:"level='asInvoker' uiAccess='false'" /DEBUG /PDB:"C:\Users\Balista Elektronik\Dropbox\Akademik\2015-Spring\GATE713\project\k_means_gpu\Debug\k_means_gpu.pdb" /SUBSYSTEM:CONSOLE /TLBID:1 /DYNAMICBASE /NXCOMPAT /IMPLIB:"C:\Users\Balista Elektronik\Dropbox\Akademik\2015-Spring\GATE713\project\k_means_gpu\Debug\k_means_gpu.lib" /MACHINE:X86 Debug\kernel.cu.obj
         Debug\k_means_gpu.exe.embed.manifest.res
       Manifest:
         C:\Program Files (x86)\Microsoft SDKs\Windows\v7.0A\bin\mt.exe /nologo /verbose /out:"Debug\k_means_gpu.exe.embed.manifest" /manifest Debug\k_means_gpu.exe.intermediate.manifest
         All outputs are up-to-date.
       LinkEmbedManifest:
         All outputs are up-to-date.
         k_means_gpu.vcxproj -> C:\Users\Balista Elektronik\Dropbox\Akademik\2015-Spring\GATE713\project\k_means_gpu\Debug\k_means_gpu.exe
       PostBuildEvent:
         echo copy "C:\Program Files\NVIDIA GPU Computing Toolkit\CUDA\v5.5\bin\cudart*.dll" "C:\Users\Balista Elektronik\Dropbox\Akademik\2015-Spring\GATE713\project\k_means_gpu\Debug\"
         copy "C:\Program Files\NVIDIA GPU Computing Toolkit\CUDA\v5.5\bin\cudart*.dll" "C:\Users\Balista Elektronik\Dropbox\Akademik\2015-Spring\GATE713\project\k_means_gpu\Debug\"
         :VCEnd
         copy "C:\Program Files\NVIDIA GPU Computing Toolkit\CUDA\v5.5\bin\cudart*.dll" "C:\Users\Balista Elektronik\Dropbox\Akademik\2015-Spring\GATE713\project\k_means_gpu\Debug\"
         C:\Program Files\NVIDIA GPU Computing Toolkit\CUDA\v5.5\bin\cudart32_55.dll
         C:\Program Files\NVIDIA GPU Computing Toolkit\CUDA\v5.5\bin\cudart64_55.dll
                 2 file(s) copied.
       FinalizeBuildStatus:
         Deleting file "Debug\k_means_gpu.unsuccessfulbuild".
         Touching "Debug\k_means_gpu.lastbuildstate".
     1>Done Building Project "C:\Users\Balista Elektronik\Dropbox\Akademik\2015-Spring\GATE713\project\k_means_gpu\k_means_gpu\k_means_gpu.vcxproj" (build target(s)).

Build succeeded.

Time Elapsed 00:00:12.01
