C:\USERS\BALISTA ELEKTRONIK\DROPBOX\AKADEMIK\2015-SPRING\GATE713\PROJECT\K_MEANS_CPU\DEBUG\K_MEANS_CPU.EXE
C:\USERS\BALISTA ELEKTRONIK\DROPBOX\AKADEMIK\2015-SPRING\GATE713\PROJECT\K_MEANS_CPU\DEBUG\K_MEANS_CPU.EXE.EMBED.MANIFEST
C:\USERS\BALISTA ELEKTRONIK\DROPBOX\AKADEMIK\2015-SPRING\GATE713\PROJECT\K_MEANS_CPU\DEBUG\K_MEANS_CPU.EXE.EMBED.MANIFEST.RES
C:\USERS\BALISTA ELEKTRONIK\DROPBOX\AKADEMIK\2015-SPRING\GATE713\PROJECT\K_MEANS_CPU\DEBUG\K_MEANS_CPU.EXE.INTERMEDIATE.MANIFEST
C:\USERS\BALISTA ELEKTRONIK\DROPBOX\AKADEMIK\2015-SPRING\GATE713\PROJECT\K_MEANS_CPU\DEBUG\K_MEANS_CPU.ILK
C:\USERS\BALISTA ELEKTRONIK\DROPBOX\AKADEMIK\2015-SPRING\GATE713\PROJECT\K_MEANS_CPU\DEBUG\K_MEANS_CPU.OBJ
C:\USERS\BALISTA ELEKTRONIK\DROPBOX\AKADEMIK\2015-SPRING\GATE713\PROJECT\K_MEANS_CPU\DEBUG\K_MEANS_CPU.PCH
C:\USERS\BALISTA ELEKTRONIK\DROPBOX\AKADEMIK\2015-SPRING\GATE713\PROJECT\K_MEANS_CPU\DEBUG\K_MEANS_CPU.PDB
C:\USERS\BALISTA ELEKTRONIK\DROPBOX\AKADEMIK\2015-SPRING\GATE713\PROJECT\K_MEANS_CPU\DEBUG\STDAFX.OBJ
C:\USERS\BALISTA ELEKTRONIK\DROPBOX\AKADEMIK\2015-SPRING\GATE713\PROJECT\K_MEANS_CPU\DEBUG\VC100.PDB
C:\Users\Balista Elektronik\Dropbox\Akademik\2015-Spring\GATE713\project\k_means_cpu\Debug\cl.command.1.tlog
C:\Users\Balista Elektronik\Dropbox\Akademik\2015-Spring\GATE713\project\k_means_cpu\Debug\CL.read.1.tlog
C:\Users\Balista Elektronik\Dropbox\Akademik\2015-Spring\GATE713\project\k_means_cpu\Debug\CL.write.1.tlog
C:\Users\Balista Elektronik\Dropbox\Akademik\2015-Spring\GATE713\project\k_means_cpu\Debug\k_means_cpu.exe
C:\Users\Balista Elektronik\Dropbox\Akademik\2015-Spring\GATE713\project\k_means_cpu\Debug\k_means_cpu.exe.embed.manifest
C:\Users\Balista Elektronik\Dropbox\Akademik\2015-Spring\GATE713\project\k_means_cpu\Debug\k_means_cpu.exe.embed.manifest.res
C:\Users\Balista Elektronik\Dropbox\Akademik\2015-Spring\GATE713\project\k_means_cpu\Debug\k_means_cpu.exe.intermediate.manifest
C:\Users\Balista Elektronik\Dropbox\Akademik\2015-Spring\GATE713\project\k_means_cpu\Debug\k_means_cpu.ilk
C:\Users\Balista Elektronik\Dropbox\Akademik\2015-Spring\GATE713\project\k_means_cpu\Debug\k_means_cpu.obj
C:\Users\Balista Elektronik\Dropbox\Akademik\2015-Spring\GATE713\project\k_means_cpu\Debug\k_means_cpu.pch
C:\Users\Balista Elektronik\Dropbox\Akademik\2015-Spring\GATE713\project\k_means_cpu\Debug\k_means_cpu.pdb
C:\Users\Balista Elektronik\Dropbox\Akademik\2015-Spring\GATE713\project\k_means_cpu\Debug\k_means_cpu.vcxprojResolveAssemblyReference.cache
C:\Users\Balista Elektronik\Dropbox\Akademik\2015-Spring\GATE713\project\k_means_cpu\Debug\k_means_cpu.write.1.tlog
C:\Users\Balista Elektronik\Dropbox\Akademik\2015-Spring\GATE713\project\k_means_cpu\Debug\k_means_cpu_manifest.rc
C:\Users\Balista Elektronik\Dropbox\Akademik\2015-Spring\GATE713\project\k_means_cpu\Debug\link.4776.read.1.tlog
C:\Users\Balista Elektronik\Dropbox\Akademik\2015-Spring\GATE713\project\k_means_cpu\Debug\link.4776.write.1.tlog
C:\Users\Balista Elektronik\Dropbox\Akademik\2015-Spring\GATE713\project\k_means_cpu\Debug\link.4776-cvtres.read.1.tlog
C:\Users\Balista Elektronik\Dropbox\Akademik\2015-Spring\GATE713\project\k_means_cpu\Debug\link.4776-cvtres.write.1.tlog
C:\Users\Balista Elektronik\Dropbox\Akademik\2015-Spring\GATE713\project\k_means_cpu\Debug\link.command.1.tlog
C:\Users\Balista Elektronik\Dropbox\Akademik\2015-Spring\GATE713\project\k_means_cpu\Debug\link.read.1.tlog
C:\Users\Balista Elektronik\Dropbox\Akademik\2015-Spring\GATE713\project\k_means_cpu\Debug\link.write.1.tlog
C:\Users\Balista Elektronik\Dropbox\Akademik\2015-Spring\GATE713\project\k_means_cpu\Debug\link-cvtres.read.1.tlog
C:\Users\Balista Elektronik\Dropbox\Akademik\2015-Spring\GATE713\project\k_means_cpu\Debug\link-cvtres.write.1.tlog
C:\Users\Balista Elektronik\Dropbox\Akademik\2015-Spring\GATE713\project\k_means_cpu\Debug\mt.command.1.tlog
C:\Users\Balista Elektronik\Dropbox\Akademik\2015-Spring\GATE713\project\k_means_cpu\Debug\mt.read.1.tlog
C:\Users\Balista Elektronik\Dropbox\Akademik\2015-Spring\GATE713\project\k_means_cpu\Debug\mt.write.1.tlog
C:\Users\Balista Elektronik\Dropbox\Akademik\2015-Spring\GATE713\project\k_means_cpu\Debug\rc.command.1.tlog
C:\Users\Balista Elektronik\Dropbox\Akademik\2015-Spring\GATE713\project\k_means_cpu\Debug\rc.read.1.tlog
C:\Users\Balista Elektronik\Dropbox\Akademik\2015-Spring\GATE713\project\k_means_cpu\Debug\rc.write.1.tlog
C:\Users\Balista Elektronik\Dropbox\Akademik\2015-Spring\GATE713\project\k_means_cpu\Debug\stdafx.obj
C:\Users\Balista Elektronik\Dropbox\Akademik\2015-Spring\GATE713\project\k_means_cpu\Debug\vc100.idb
C:\Users\Balista Elektronik\Dropbox\Akademik\2015-Spring\GATE713\project\k_means_cpu\Debug\vc100.pdb
